<?xml version="1.0" encoding="UTF-8"?>
<!-- Generated by org.testng.reporters.JUnitReportReporter -->
<testsuite hostname="LAPTOP-JI4EHS8K" name="qaclickacademy.AppTest" tests="1" failures="0" timestamp="8 Jan 2020 18:14:45 GMT" time="0.006" errors="0">
  <testcase name="testApp" time="0.006" classname="qaclickacademy.AppTest"/>
</testsuite> <!-- qaclickacademy.AppTest -->
